Collecting fastapi>=0.109.0 (from -r requirements.txt (line 1))
  Downloading fastapi-0.135.3-py3-none-any.whl.metadata (28 kB)
Collecting uvicorn>=0.27.0 (from uvicorn[standard]>=0.27.0->-r requirements.txt (line 2))
  Downloading uvicorn-0.42.0-py3-none-any.whl.metadata (6.7 kB)
Collecting pyyaml>=6.0 (from -r requirements.txt (line 3))
  Downloading pyyaml-6.0.3-cp314-cp314-macosx_11_0_arm64.whl.metadata (2.4 kB)
Collecting pydantic>=2.5.0 (from -r requirements.txt (line 4))
  Downloading pydantic-2.12.5-py3-none-any.whl.metadata (90 kB)
Collecting httpx>=0.26.0 (from -r requirements.txt (line 5))
  Downloading httpx-0.28.1-py3-none-any.whl.metadata (7.1 kB)
Collecting python-dotenv>=1.0.0 (from -r requirements.txt (line 6))
  Downloading python_dotenv-1.2.2-py3-none-any.whl.metadata (27 kB)
Collecting starlette>=0.46.0 (from fastapi>=0.109.0->-r requirements.txt (line 1))
  Downloading starlette-1.0.0-py3-none-any.whl.metadata (6.3 kB)
Collecting typing-extensions>=4.8.0 (from fastapi>=0.109.0->-r requirements.txt (line 1))
  Downloading typing_extensions-4.15.0-py3-none-any.whl.metadata (3.3 kB)
Collecting typing-inspection>=0.4.2 (from fastapi>=0.109.0->-r requirements.txt (line 1))
  Downloading typing_inspection-0.4.2-py3-none-any.whl.metadata (2.6 kB)
Collecting annotated-doc>=0.0.2 (from fastapi>=0.109.0->-r requirements.txt (line 1))
  Downloading annotated_doc-0.0.4-py3-none-any.whl.metadata (6.6 kB)
Collecting click>=7.0 (from uvicorn>=0.27.0->uvicorn[standard]>=0.27.0->-r requirements.txt (line 2))
  Downloading click-8.3.1-py3-none-any.whl.metadata (2.6 kB)
Collecting h11>=0.8 (from uvicorn>=0.27.0->uvicorn[standard]>=0.27.0->-r requirements.txt (line 2))
  Downloading h11-0.16.0-py3-none-any.whl.metadata (8.3 kB)
Collecting annotated-types>=0.6.0 (from pydantic>=2.5.0->-r requirements.txt (line 4))
  Downloading annotated_types-0.7.0-py3-none-any.whl.metadata (15 kB)
Collecting pydantic-core==2.41.5 (from pydantic>=2.5.0->-r requirements.txt (line 4))
  Downloading pydantic_core-2.41.5-cp314-cp314-macosx_11_0_arm64.whl.metadata (7.3 kB)
Collecting anyio (from httpx>=0.26.0->-r requirements.txt (line 5))
  Downloading anyio-4.13.0-py3-none-any.whl.metadata (4.5 kB)
Collecting certifi (from httpx>=0.26.0->-r requirements.txt (line 5))
  Downloading certifi-2026.2.25-py3-none-any.whl.metadata (2.5 kB)
Collecting httpcore==1.* (from httpx>=0.26.0->-r requirements.txt (line 5))
  Downloading httpcore-1.0.9-py3-none-any.whl.metadata (21 kB)
Collecting idna (from httpx>=0.26.0->-r requirements.txt (line 5))
  Downloading idna-3.11-py3-none-any.whl.metadata (8.4 kB)
Collecting httptools>=0.6.3 (from uvicorn[standard]>=0.27.0->-r requirements.txt (line 2))
  Downloading httptools-0.7.1-cp314-cp314-macosx_11_0_arm64.whl.metadata (3.5 kB)
Collecting uvloop>=0.15.1 (from uvicorn[standard]>=0.27.0->-r requirements.txt (line 2))
  Downloading uvloop-0.22.1-cp314-cp314-macosx_10_13_universal2.whl.metadata (4.9 kB)
Collecting watchfiles>=0.20 (from uvicorn[standard]>=0.27.0->-r requirements.txt (line 2))
  Downloading watchfiles-1.1.1-cp314-cp314-macosx_11_0_arm64.whl.metadata (4.9 kB)
Collecting websockets>=10.4 (from uvicorn[standard]>=0.27.0->-r requirements.txt (line 2))
  Downloading websockets-16.0-cp314-cp314-macosx_11_0_arm64.whl.metadata (6.8 kB)
Downloading fastapi-0.135.3-py3-none-any.whl (117 kB)
Downloading uvicorn-0.42.0-py3-none-any.whl (68 kB)
Downloading pyyaml-6.0.3-cp314-cp314-macosx_11_0_arm64.whl (173 kB)
Downloading pydantic-2.12.5-py3-none-any.whl (463 kB)
Downloading pydantic_core-2.41.5-cp314-cp314-macosx_11_0_arm64.whl (1.9 MB)
   ━━━━━━━━━━━━━━━━━━━━━━━━━━━━━━━━━━━━━━━━ 1.9/1.9 MB 7.3 MB/s  0:00:00
Downloading httpx-0.28.1-py3-none-any.whl (73 kB)
Downloading httpcore-1.0.9-py3-none-any.whl (78 kB)
Downloading python_dotenv-1.2.2-py3-none-any.whl (22 kB)
Downloading annotated_doc-0.0.4-py3-none-any.whl (5.3 kB)
Downloading annotated_types-0.7.0-py3-none-any.whl (13 kB)
Downloading click-8.3.1-py3-none-any.whl (108 kB)
Downloading h11-0.16.0-py3-none-any.whl (37 kB)
Downloading starlette-1.0.0-py3-none-any.whl (72 kB)
Downloading anyio-4.13.0-py3-none-any.whl (114 kB)
Downloading idna-3.11-py3-none-any.whl (71 kB)
Downloading typing_extensions-4.15.0-py3-none-any.whl (44 kB)
Downloading typing_inspection-0.4.2-py3-none-any.whl (14 kB)
Downloading httptools-0.7.1-cp314-cp314-macosx_11_0_arm64.whl (108 kB)
Downloading uvloop-0.22.1-cp314-cp314-macosx_10_13_universal2.whl (1.4 MB)
   ━━━━━━━━━━━━━━━━━━━━━━━━━━━━━━━━━━━━━━━━ 1.4/1.4 MB 25.5 MB/s  0:00:00
Downloading watchfiles-1.1.1-cp314-cp314-macosx_11_0_arm64.whl (390 kB)
Downloading websockets-16.0-cp314-cp314-macosx_11_0_arm64.whl (175 kB)
Downloading certifi-2026.2.25-py3-none-any.whl (153 kB)
Installing collected packages: websockets, uvloop, typing-extensions, pyyaml, python-dotenv, idna, httptools, h11, click, certifi, annotated-types, annotated-doc, uvicorn, typing-inspection, pydantic-core, httpcore, anyio, watchfiles, starlette, pydantic, httpx, fastapi

Successfully installed annotated-doc-0.0.4 annotated-types-0.7.0 anyio-4.13.0 certifi-2026.2.25 click-8.3.1 fastapi-0.135.3 h11-0.16.0 httpcore-1.0.9 httptools-0.7.1 httpx-0.28.1 idna-3.11 pydantic-2.12.5 pydantic-core-2.41.5 python-dotenv-1.2.2 pyyaml-6.0.3 starlette-1.0.0 typing-extensions-4.15.0 typing-inspection-0.4.2 uvicorn-0.42.0 uvloop-0.22.1 watchfiles-1.1.1 websockets-16.0

[notice] A new release of pip is available: 26.0 -> 26.0.1
[notice] To update, run: pip install --upgrade pip
